CRITICAL - 2022-05-15 16:14:09 --> syntax error, unexpected '=>' (T_DOUBLE_ARROW)
#0 C:\Users\Maciek\Desktop\corsup\CI4\blog-komerc\vendor\codeigniter4\framework\system\Router\Router.php(175): CodeIgniter\Router\Router->autoRoute()
#1 C:\Users\Maciek\Desktop\corsup\CI4\blog-komerc\vendor\codeigniter4\framework\system\CodeIgniter.php(726): CodeIgniter\Router\Router->handle()
#2 C:\Users\Maciek\Desktop\corsup\CI4\blog-komerc\vendor\codeigniter4\framework\system\CodeIgniter.php(368): CodeIgniter\CodeIgniter->tryToRouteIt()
#3 C:\Users\Maciek\Desktop\corsup\CI4\blog-komerc\vendor\codeigniter4\framework\system\CodeIgniter.php(326): CodeIgniter\CodeIgniter->handleRequest()
#4 C:\Users\Maciek\Desktop\corsup\CI4\blog-komerc\public\index.php(37): CodeIgniter\CodeIgniter->run()
#5 C:\Users\Maciek\Desktop\corsup\CI4\blog-komerc\vendor\codeigniter4\framework\system\Commands\Server\rewrite.php(43): require_once('C:\\Users\\Maciek...')
#6 {main}
CRITICAL - 2022-05-15 16:14:35 --> syntax error, unexpected ','
#0 C:\Users\Maciek\Desktop\corsup\CI4\blog-komerc\vendor\codeigniter4\framework\system\Autoloader\Autoloader.php(241): CodeIgniter\Autoloader\Autoloader->includeFile()
#1 C:\Users\Maciek\Desktop\corsup\CI4\blog-komerc\vendor\codeigniter4\framework\system\Autoloader\Autoloader.php(219): CodeIgniter\Autoloader\Autoloader->loadInNamespace()
#2 [internal function]: CodeIgniter\Autoloader\Autoloader->loadClass()
#3 [internal function]: spl_autoload_call()
#4 C:\Users\Maciek\Desktop\corsup\CI4\blog-komerc\vendor\codeigniter4\framework\system\CodeIgniter.php(797): class_exists()
#5 C:\Users\Maciek\Desktop\corsup\CI4\blog-komerc\vendor\codeigniter4\framework\system\CodeIgniter.php(406): CodeIgniter\CodeIgniter->startController()
#6 C:\Users\Maciek\Desktop\corsup\CI4\blog-komerc\vendor\codeigniter4\framework\system\CodeIgniter.php(326): CodeIgniter\CodeIgniter->handleRequest()
#7 C:\Users\Maciek\Desktop\corsup\CI4\blog-komerc\public\index.php(37): CodeIgniter\CodeIgniter->run()
#8 C:\Users\Maciek\Desktop\corsup\CI4\blog-komerc\vendor\codeigniter4\framework\system\Commands\Server\rewrite.php(43): require_once('C:\\Users\\Maciek...')
#9 {main}
CRITICAL - 2022-05-15 16:14:43 --> syntax error, unexpected ','
#0 C:\Users\Maciek\Desktop\corsup\CI4\blog-komerc\vendor\codeigniter4\framework\system\Router\Router.php(175): CodeIgniter\Router\Router->autoRoute()
#1 C:\Users\Maciek\Desktop\corsup\CI4\blog-komerc\vendor\codeigniter4\framework\system\CodeIgniter.php(726): CodeIgniter\Router\Router->handle()
#2 C:\Users\Maciek\Desktop\corsup\CI4\blog-komerc\vendor\codeigniter4\framework\system\CodeIgniter.php(368): CodeIgniter\CodeIgniter->tryToRouteIt()
#3 C:\Users\Maciek\Desktop\corsup\CI4\blog-komerc\vendor\codeigniter4\framework\system\CodeIgniter.php(326): CodeIgniter\CodeIgniter->handleRequest()
#4 C:\Users\Maciek\Desktop\corsup\CI4\blog-komerc\public\index.php(37): CodeIgniter\CodeIgniter->run()
#5 C:\Users\Maciek\Desktop\corsup\CI4\blog-komerc\vendor\codeigniter4\framework\system\Commands\Server\rewrite.php(43): require_once('C:\\Users\\Maciek...')
#6 {main}
CRITICAL - 2022-05-15 16:14:47 --> syntax error, unexpected ','
#0 C:\Users\Maciek\Desktop\corsup\CI4\blog-komerc\vendor\codeigniter4\framework\system\Autoloader\Autoloader.php(241): CodeIgniter\Autoloader\Autoloader->includeFile()
#1 C:\Users\Maciek\Desktop\corsup\CI4\blog-komerc\vendor\codeigniter4\framework\system\Autoloader\Autoloader.php(219): CodeIgniter\Autoloader\Autoloader->loadInNamespace()
#2 [internal function]: CodeIgniter\Autoloader\Autoloader->loadClass()
#3 [internal function]: spl_autoload_call()
#4 C:\Users\Maciek\Desktop\corsup\CI4\blog-komerc\vendor\codeigniter4\framework\system\CodeIgniter.php(797): class_exists()
#5 C:\Users\Maciek\Desktop\corsup\CI4\blog-komerc\vendor\codeigniter4\framework\system\CodeIgniter.php(406): CodeIgniter\CodeIgniter->startController()
#6 C:\Users\Maciek\Desktop\corsup\CI4\blog-komerc\vendor\codeigniter4\framework\system\CodeIgniter.php(326): CodeIgniter\CodeIgniter->handleRequest()
#7 C:\Users\Maciek\Desktop\corsup\CI4\blog-komerc\public\index.php(37): CodeIgniter\CodeIgniter->run()
#8 C:\Users\Maciek\Desktop\corsup\CI4\blog-komerc\vendor\codeigniter4\framework\system\Commands\Server\rewrite.php(43): require_once('C:\\Users\\Maciek...')
#9 {main}
CRITICAL - 2022-05-15 16:15:54 --> syntax error, unexpected '=>' (T_DOUBLE_ARROW)
#0 C:\Users\Maciek\Desktop\corsup\CI4\blog-komerc\vendor\codeigniter4\framework\system\Autoloader\Autoloader.php(241): CodeIgniter\Autoloader\Autoloader->includeFile()
#1 C:\Users\Maciek\Desktop\corsup\CI4\blog-komerc\vendor\codeigniter4\framework\system\Autoloader\Autoloader.php(219): CodeIgniter\Autoloader\Autoloader->loadInNamespace()
#2 [internal function]: CodeIgniter\Autoloader\Autoloader->loadClass()
#3 [internal function]: spl_autoload_call()
#4 C:\Users\Maciek\Desktop\corsup\CI4\blog-komerc\vendor\codeigniter4\framework\system\CodeIgniter.php(797): class_exists()
#5 C:\Users\Maciek\Desktop\corsup\CI4\blog-komerc\vendor\codeigniter4\framework\system\CodeIgniter.php(406): CodeIgniter\CodeIgniter->startController()
#6 C:\Users\Maciek\Desktop\corsup\CI4\blog-komerc\vendor\codeigniter4\framework\system\CodeIgniter.php(326): CodeIgniter\CodeIgniter->handleRequest()
#7 C:\Users\Maciek\Desktop\corsup\CI4\blog-komerc\public\index.php(37): CodeIgniter\CodeIgniter->run()
#8 C:\Users\Maciek\Desktop\corsup\CI4\blog-komerc\vendor\codeigniter4\framework\system\Commands\Server\rewrite.php(43): require_once('C:\\Users\\Maciek...')
#9 {main}
CRITICAL - 2022-05-15 16:17:05 --> syntax error, unexpected '=>' (T_DOUBLE_ARROW)
#0 C:\Users\Maciek\Desktop\corsup\CI4\blog-komerc\vendor\codeigniter4\framework\system\Autoloader\Autoloader.php(241): CodeIgniter\Autoloader\Autoloader->includeFile()
#1 C:\Users\Maciek\Desktop\corsup\CI4\blog-komerc\vendor\codeigniter4\framework\system\Autoloader\Autoloader.php(219): CodeIgniter\Autoloader\Autoloader->loadInNamespace()
#2 [internal function]: CodeIgniter\Autoloader\Autoloader->loadClass()
#3 [internal function]: spl_autoload_call()
#4 C:\Users\Maciek\Desktop\corsup\CI4\blog-komerc\vendor\codeigniter4\framework\system\CodeIgniter.php(797): class_exists()
#5 C:\Users\Maciek\Desktop\corsup\CI4\blog-komerc\vendor\codeigniter4\framework\system\CodeIgniter.php(406): CodeIgniter\CodeIgniter->startController()
#6 C:\Users\Maciek\Desktop\corsup\CI4\blog-komerc\vendor\codeigniter4\framework\system\CodeIgniter.php(326): CodeIgniter\CodeIgniter->handleRequest()
#7 C:\Users\Maciek\Desktop\corsup\CI4\blog-komerc\public\index.php(37): CodeIgniter\CodeIgniter->run()
#8 C:\Users\Maciek\Desktop\corsup\CI4\blog-komerc\vendor\codeigniter4\framework\system\Commands\Server\rewrite.php(43): require_once('C:\\Users\\Maciek...')
#9 {main}
CRITICAL - 2022-05-15 16:19:18 --> Undefined variable: title
#0 C:\Users\Maciek\Desktop\corsup\CI4\blog-komerc\app\Views\posts\031-read.php(6): CodeIgniter\Debug\Exceptions->errorHandler()
#1 C:\Users\Maciek\Desktop\corsup\CI4\blog-komerc\vendor\codeigniter4\framework\system\View\View.php(210): include('C:\\Users\\Maciek...')
#2 C:\Users\Maciek\Desktop\corsup\CI4\blog-komerc\vendor\codeigniter4\framework\system\View\View.php(213): CodeIgniter\View\View->CodeIgniter\View\{closure}()
#3 C:\Users\Maciek\Desktop\corsup\CI4\blog-komerc\vendor\codeigniter4\framework\system\Common.php(1089): CodeIgniter\View\View->render()
#4 C:\Users\Maciek\Desktop\corsup\CI4\blog-komerc\app\Controllers\Posts.php(40): view()
#5 C:\Users\Maciek\Desktop\corsup\CI4\blog-komerc\vendor\codeigniter4\framework\system\CodeIgniter.php(832): App\Controllers\Posts->viewfiles()
#6 C:\Users\Maciek\Desktop\corsup\CI4\blog-komerc\vendor\codeigniter4\framework\system\CodeIgniter.php(419): CodeIgniter\CodeIgniter->runController()
#7 C:\Users\Maciek\Desktop\corsup\CI4\blog-komerc\vendor\codeigniter4\framework\system\CodeIgniter.php(326): CodeIgniter\CodeIgniter->handleRequest()
#8 C:\Users\Maciek\Desktop\corsup\CI4\blog-komerc\public\index.php(37): CodeIgniter\CodeIgniter->run()
#9 C:\Users\Maciek\Desktop\corsup\CI4\blog-komerc\vendor\codeigniter4\framework\system\Commands\Server\rewrite.php(43): require_once('C:\\Users\\Maciek...')
#10 {main}
CRITICAL - 2022-05-15 16:20:59 --> Undefined variable: pagetitle
#0 C:\Users\Maciek\Desktop\corsup\CI4\blog-komerc\app\Views\posts\031-read.php(8): CodeIgniter\Debug\Exceptions->errorHandler()
#1 C:\Users\Maciek\Desktop\corsup\CI4\blog-komerc\vendor\codeigniter4\framework\system\View\View.php(210): include('C:\\Users\\Maciek...')
#2 C:\Users\Maciek\Desktop\corsup\CI4\blog-komerc\vendor\codeigniter4\framework\system\View\View.php(213): CodeIgniter\View\View->CodeIgniter\View\{closure}()
#3 C:\Users\Maciek\Desktop\corsup\CI4\blog-komerc\vendor\codeigniter4\framework\system\Common.php(1089): CodeIgniter\View\View->render()
#4 C:\Users\Maciek\Desktop\corsup\CI4\blog-komerc\app\Controllers\Posts.php(40): view()
#5 C:\Users\Maciek\Desktop\corsup\CI4\blog-komerc\vendor\codeigniter4\framework\system\CodeIgniter.php(832): App\Controllers\Posts->viewfiles()
#6 C:\Users\Maciek\Desktop\corsup\CI4\blog-komerc\vendor\codeigniter4\framework\system\CodeIgniter.php(419): CodeIgniter\CodeIgniter->runController()
#7 C:\Users\Maciek\Desktop\corsup\CI4\blog-komerc\vendor\codeigniter4\framework\system\CodeIgniter.php(326): CodeIgniter\CodeIgniter->handleRequest()
#8 C:\Users\Maciek\Desktop\corsup\CI4\blog-komerc\public\index.php(37): CodeIgniter\CodeIgniter->run()
#9 C:\Users\Maciek\Desktop\corsup\CI4\blog-komerc\vendor\codeigniter4\framework\system\Commands\Server\rewrite.php(43): require_once('C:\\Users\\Maciek...')
#10 {main}
CRITICAL - 2022-05-15 16:21:17 --> Undefined variable: pagetitle
#0 C:\Users\Maciek\Desktop\corsup\CI4\blog-komerc\app\Views\posts\031-read.php(9): CodeIgniter\Debug\Exceptions->errorHandler()
#1 C:\Users\Maciek\Desktop\corsup\CI4\blog-komerc\vendor\codeigniter4\framework\system\View\View.php(210): include('C:\\Users\\Maciek...')
#2 C:\Users\Maciek\Desktop\corsup\CI4\blog-komerc\vendor\codeigniter4\framework\system\View\View.php(213): CodeIgniter\View\View->CodeIgniter\View\{closure}()
#3 C:\Users\Maciek\Desktop\corsup\CI4\blog-komerc\vendor\codeigniter4\framework\system\Common.php(1089): CodeIgniter\View\View->render()
#4 C:\Users\Maciek\Desktop\corsup\CI4\blog-komerc\app\Controllers\Posts.php(40): view()
#5 C:\Users\Maciek\Desktop\corsup\CI4\blog-komerc\vendor\codeigniter4\framework\system\CodeIgniter.php(832): App\Controllers\Posts->viewfiles()
#6 C:\Users\Maciek\Desktop\corsup\CI4\blog-komerc\vendor\codeigniter4\framework\system\CodeIgniter.php(419): CodeIgniter\CodeIgniter->runController()
#7 C:\Users\Maciek\Desktop\corsup\CI4\blog-komerc\vendor\codeigniter4\framework\system\CodeIgniter.php(326): CodeIgniter\CodeIgniter->handleRequest()
#8 C:\Users\Maciek\Desktop\corsup\CI4\blog-komerc\public\index.php(37): CodeIgniter\CodeIgniter->run()
#9 C:\Users\Maciek\Desktop\corsup\CI4\blog-komerc\vendor\codeigniter4\framework\system\Commands\Server\rewrite.php(43): require_once('C:\\Users\\Maciek...')
#10 {main}
